<?xml version="1.0" encoding="UTF-8"?>
<!-- Generated by org.testng.reporters.JUnitReportReporter -->
<testsuite hostname="DESKTOP-LQ8ET5D" failures="0" tests="1" name="Com.OrangeHRM.TestCases.TC_SignIn" time="51.612" errors="0" timestamp="2 Jan 2023 18:17:31 GMT">
  <testcase classname="Com.OrangeHRM.TestCases.TC_SignIn" name="SignInTest" time="51.612"/>
</testsuite> <!-- Com.OrangeHRM.TestCases.TC_SignIn -->
