<?xml version="1.0" encoding="UTF-8"?>
<!-- Generated by org.testng.reporters.JUnitReportReporter -->
<testsuite hostname="DESKTOP-LQ8ET5D" failures="0" tests="1" name="Com.OrangeHRM.TestCases.TC_SignIn" time="52.932" errors="0" timestamp="2023-01-03T00:31:20 IST" skipped="0">
  <testcase classname="Com.OrangeHRM.TestCases.TC_SignIn" name="SignInTest" time="52.932"/>
  <system-out/>
</testsuite> <!-- Com.OrangeHRM.TestCases.TC_SignIn -->
